2019-02-05 21:16:36 INFO  ExceptionTestExample:31 - Running setup before class test methods initialization
2019-02-05 21:16:36 INFO  ExceptionTestExample:41 - Running setup before each test method
2019-02-05 21:16:36 INFO  CustomDriver:20 - Running platform is: windows
2019-02-05 21:16:36 INFO  CustomDriver:59 - Starting the driver...
2019-02-05 21:16:36 INFO  CustomDriver:63 - Chromedriver path is: D:\AutomationWorkspace\TestNg\test-ng-basics\training-testng-basics\src\main\resources\drivers\win\chromedriver.exe
2019-02-05 21:16:41 INFO  CustomDriver:71 - Driver started and it should navigate to: https://gazetamuzicantilor.ro/2019/02/05/top-10-artiste-preferate-luna-februarie-2019-gazeta-muzicantilor/?fbclid=IwAR0-uHOVE20lp3b3aN45utoVRLNdJzO99G6N3wg_Wjkx9BZXe1CMAd0NJRo
2019-02-05 21:16:44 INFO  LoginPage:39 - Initializing HomePage...
2019-02-05 21:16:44 INFO  WaitHelper:95 - Wait for an element visibility with default timeout
2019-02-05 21:16:44 INFO  LoginPage:45 - Finished HomePage initialization
2019-02-05 21:16:44 INFO  WaitHelper:95 - Wait for an element visibility with default timeout
2019-02-05 21:16:48 INFO  WaitHelper:95 - Wait for an element visibility with default timeout
2019-02-05 21:16:53 INFO  WaitHelper:95 - Wait for an element visibility with default timeout
2019-02-05 21:16:57 INFO  WaitHelper:95 - Wait for an element visibility with default timeout
2019-02-05 21:17:01 INFO  WaitHelper:95 - Wait for an element visibility with default timeout
2019-02-05 21:17:06 INFO  WaitHelper:95 - Wait for an element visibility with default timeout
2019-02-05 21:17:10 INFO  WaitHelper:95 - Wait for an element visibility with default timeout
2019-02-05 21:17:14 INFO  WaitHelper:95 - Wait for an element visibility with default timeout
2019-02-05 21:17:19 INFO  WaitHelper:95 - Wait for an element visibility with default timeout
2019-02-05 21:17:23 INFO  WaitHelper:95 - Wait for an element visibility with default timeout
2019-02-05 21:17:28 INFO  ExceptionTestExample:51 - Running teardown before each test method
2019-02-05 21:17:28 INFO  ExceptionTestExample:36 - Running teardown after class test methods run finished
