2019-02-05 21:02:47 INFO  ExceptionTestExample:31 - Running setup before class test methods initialization
2019-02-05 21:02:47 INFO  ExceptionTestExample:41 - Running setup before each test method
2019-02-05 21:02:47 INFO  CustomDriver:20 - Running platform is: windows
2019-02-05 21:02:47 INFO  CustomDriver:59 - Starting the driver...
2019-02-05 21:02:47 INFO  CustomDriver:63 - Chromedriver path is: D:\AutomationWorkspace\TestNg\test-ng-basics\training-testng-basics\src\main\resources\drivers\win\chromedriver.exe
2019-02-05 21:02:51 INFO  CustomDriver:71 - Driver started and it should navigate to: https://gazetamuzicantilor.ro/2019/02/05/top-10-artiste-preferate-luna-februarie-2019-gazeta-muzicantilor/?fbclid=IwAR0-uHOVE20lp3b3aN45utoVRLNdJzO99G6N3wg_Wjkx9BZXe1CMAd0NJRo
2019-02-05 21:02:54 INFO  LoginPage:39 - Initializing HomePage...
2019-02-05 21:02:54 INFO  WaitHelper:95 - Wait for an element visibility with default timeout
2019-02-05 21:02:54 INFO  LoginPage:45 - Finished HomePage initialization
2019-02-05 21:02:54 INFO  WaitHelper:95 - Wait for an element visibility with default timeout
2019-02-05 21:02:56 INFO  WaitHelper:42 - Waiting for 1 seconds
2019-02-05 21:03:00 INFO  WaitHelper:95 - Wait for an element visibility with default timeout
2019-02-05 21:03:01 INFO  WaitHelper:42 - Waiting for 1 seconds
2019-02-05 21:03:05 INFO  WaitHelper:95 - Wait for an element visibility with default timeout
2019-02-05 21:03:07 INFO  WaitHelper:42 - Waiting for 1 seconds
2019-02-05 21:03:10 INFO  WaitHelper:95 - Wait for an element visibility with default timeout
2019-02-05 21:03:12 INFO  WaitHelper:42 - Waiting for 1 seconds
2019-02-05 21:03:16 INFO  WaitHelper:95 - Wait for an element visibility with default timeout
2019-02-05 21:03:17 INFO  WaitHelper:42 - Waiting for 1 seconds
2019-02-05 21:03:21 INFO  WaitHelper:95 - Wait for an element visibility with default timeout
2019-02-05 21:03:23 INFO  WaitHelper:42 - Waiting for 1 seconds
2019-02-05 21:03:26 INFO  WaitHelper:95 - Wait for an element visibility with default timeout
2019-02-05 21:03:28 INFO  WaitHelper:42 - Waiting for 1 seconds
2019-02-05 21:03:32 INFO  WaitHelper:95 - Wait for an element visibility with default timeout
2019-02-05 21:03:33 INFO  WaitHelper:42 - Waiting for 1 seconds
2019-02-05 21:03:37 INFO  WaitHelper:95 - Wait for an element visibility with default timeout
2019-02-05 21:03:38 INFO  WaitHelper:42 - Waiting for 1 seconds
2019-02-05 21:03:42 INFO  WaitHelper:95 - Wait for an element visibility with default timeout
2019-02-05 21:03:44 INFO  WaitHelper:42 - Waiting for 1 seconds
2019-02-05 21:03:48 INFO  WaitHelper:95 - Wait for an element visibility with default timeout
2019-02-05 21:03:49 INFO  WaitHelper:42 - Waiting for 1 seconds
2019-02-05 21:03:53 INFO  WaitHelper:95 - Wait for an element visibility with default timeout
2019-02-05 21:03:55 INFO  WaitHelper:42 - Waiting for 1 seconds
2019-02-05 21:03:58 INFO  WaitHelper:95 - Wait for an element visibility with default timeout
2019-02-05 21:04:00 INFO  WaitHelper:42 - Waiting for 1 seconds
2019-02-05 21:04:03 INFO  WaitHelper:95 - Wait for an element visibility with default timeout
2019-02-05 21:04:05 INFO  WaitHelper:42 - Waiting for 1 seconds
2019-02-05 21:04:08 INFO  WaitHelper:95 - Wait for an element visibility with default timeout
2019-02-05 21:04:10 INFO  WaitHelper:42 - Waiting for 1 seconds
2019-02-05 21:04:14 INFO  WaitHelper:95 - Wait for an element visibility with default timeout
2019-02-05 21:04:15 INFO  WaitHelper:42 - Waiting for 1 seconds
2019-02-05 21:04:19 INFO  WaitHelper:95 - Wait for an element visibility with default timeout
2019-02-05 21:04:21 INFO  WaitHelper:42 - Waiting for 1 seconds
2019-02-05 21:04:24 INFO  WaitHelper:95 - Wait for an element visibility with default timeout
2019-02-05 21:04:26 INFO  WaitHelper:42 - Waiting for 1 seconds
2019-02-05 21:04:30 INFO  WaitHelper:95 - Wait for an element visibility with default timeout
2019-02-05 21:04:31 INFO  WaitHelper:42 - Waiting for 1 seconds
2019-02-05 21:04:35 INFO  WaitHelper:95 - Wait for an element visibility with default timeout
2019-02-05 21:04:37 INFO  WaitHelper:42 - Waiting for 1 seconds
2019-02-05 21:04:40 INFO  WaitHelper:95 - Wait for an element visibility with default timeout
2019-02-05 21:04:42 INFO  WaitHelper:42 - Waiting for 1 seconds
2019-02-05 21:04:46 INFO  WaitHelper:95 - Wait for an element visibility with default timeout
2019-02-05 21:04:47 INFO  WaitHelper:42 - Waiting for 1 seconds
2019-02-05 21:04:51 INFO  WaitHelper:95 - Wait for an element visibility with default timeout
2019-02-05 21:04:53 INFO  WaitHelper:42 - Waiting for 1 seconds
2019-02-05 21:04:56 INFO  WaitHelper:95 - Wait for an element visibility with default timeout
2019-02-05 21:04:58 INFO  WaitHelper:42 - Waiting for 1 seconds
2019-02-05 21:05:01 INFO  WaitHelper:95 - Wait for an element visibility with default timeout
2019-02-05 21:05:03 INFO  WaitHelper:42 - Waiting for 1 seconds
2019-02-05 21:05:07 INFO  WaitHelper:95 - Wait for an element visibility with default timeout
2019-02-05 21:05:08 INFO  WaitHelper:42 - Waiting for 1 seconds
2019-02-05 21:05:12 INFO  WaitHelper:95 - Wait for an element visibility with default timeout
2019-02-05 21:05:13 INFO  WaitHelper:42 - Waiting for 1 seconds
2019-02-05 21:05:17 INFO  WaitHelper:95 - Wait for an element visibility with default timeout
2019-02-05 21:05:19 INFO  WaitHelper:42 - Waiting for 1 seconds
2019-02-05 21:05:22 INFO  WaitHelper:95 - Wait for an element visibility with default timeout
2019-02-05 21:05:24 INFO  WaitHelper:42 - Waiting for 1 seconds
2019-02-05 21:05:28 INFO  WaitHelper:95 - Wait for an element visibility with default timeout
2019-02-05 21:05:29 INFO  WaitHelper:42 - Waiting for 1 seconds
2019-02-05 21:05:33 INFO  WaitHelper:95 - Wait for an element visibility with default timeout
2019-02-05 21:05:34 INFO  WaitHelper:42 - Waiting for 1 seconds
2019-02-05 21:05:38 INFO  WaitHelper:95 - Wait for an element visibility with default timeout
2019-02-05 21:05:39 INFO  WaitHelper:42 - Waiting for 1 seconds
2019-02-05 21:05:43 INFO  WaitHelper:95 - Wait for an element visibility with default timeout
2019-02-05 21:05:45 INFO  WaitHelper:42 - Waiting for 1 seconds
2019-02-05 21:05:49 INFO  WaitHelper:95 - Wait for an element visibility with default timeout
2019-02-05 21:05:50 INFO  WaitHelper:42 - Waiting for 1 seconds
2019-02-05 21:05:54 INFO  WaitHelper:95 - Wait for an element visibility with default timeout
2019-02-05 21:05:55 INFO  WaitHelper:42 - Waiting for 1 seconds
2019-02-05 21:05:59 INFO  WaitHelper:95 - Wait for an element visibility with default timeout
2019-02-05 21:06:01 INFO  WaitHelper:42 - Waiting for 1 seconds
2019-02-05 21:06:05 INFO  WaitHelper:95 - Wait for an element visibility with default timeout
2019-02-05 21:06:06 INFO  WaitHelper:42 - Waiting for 1 seconds
2019-02-05 21:06:10 INFO  WaitHelper:95 - Wait for an element visibility with default timeout
2019-02-05 21:06:11 INFO  WaitHelper:42 - Waiting for 1 seconds
2019-02-05 21:06:15 INFO  WaitHelper:95 - Wait for an element visibility with default timeout
2019-02-05 21:06:17 INFO  WaitHelper:42 - Waiting for 1 seconds
2019-02-05 21:06:21 INFO  WaitHelper:95 - Wait for an element visibility with default timeout
2019-02-05 21:06:22 INFO  WaitHelper:42 - Waiting for 1 seconds
2019-02-05 21:06:26 INFO  WaitHelper:95 - Wait for an element visibility with default timeout
2019-02-05 21:06:27 INFO  WaitHelper:42 - Waiting for 1 seconds
2019-02-05 21:06:31 INFO  WaitHelper:95 - Wait for an element visibility with default timeout
2019-02-05 21:06:32 INFO  WaitHelper:42 - Waiting for 1 seconds
2019-02-05 21:06:36 INFO  WaitHelper:95 - Wait for an element visibility with default timeout
2019-02-05 21:06:38 INFO  WaitHelper:42 - Waiting for 1 seconds
2019-02-05 21:06:42 INFO  WaitHelper:95 - Wait for an element visibility with default timeout
2019-02-05 21:06:43 INFO  WaitHelper:42 - Waiting for 1 seconds
2019-02-05 21:06:47 INFO  WaitHelper:95 - Wait for an element visibility with default timeout
2019-02-05 21:06:48 INFO  WaitHelper:42 - Waiting for 1 seconds
2019-02-05 21:06:52 INFO  WaitHelper:95 - Wait for an element visibility with default timeout
2019-02-05 21:06:54 INFO  WaitHelper:42 - Waiting for 1 seconds
2019-02-05 21:06:58 INFO  WaitHelper:95 - Wait for an element visibility with default timeout
2019-02-05 21:07:00 INFO  WaitHelper:42 - Waiting for 1 seconds
2019-02-05 21:07:04 INFO  WaitHelper:95 - Wait for an element visibility with default timeout
2019-02-05 21:07:06 INFO  WaitHelper:42 - Waiting for 1 seconds
2019-02-05 21:07:10 INFO  WaitHelper:95 - Wait for an element visibility with default timeout
2019-02-05 21:07:11 INFO  WaitHelper:42 - Waiting for 1 seconds
2019-02-05 21:07:15 INFO  WaitHelper:95 - Wait for an element visibility with default timeout
2019-02-05 21:07:17 INFO  WaitHelper:42 - Waiting for 1 seconds
2019-02-05 21:07:21 INFO  WaitHelper:95 - Wait for an element visibility with default timeout
2019-02-05 21:07:22 INFO  WaitHelper:42 - Waiting for 1 seconds
2019-02-05 21:07:26 INFO  WaitHelper:95 - Wait for an element visibility with default timeout
2019-02-05 21:07:28 INFO  WaitHelper:42 - Waiting for 1 seconds
2019-02-05 21:07:31 INFO  WaitHelper:95 - Wait for an element visibility with default timeout
2019-02-05 21:07:33 INFO  WaitHelper:42 - Waiting for 1 seconds
2019-02-05 21:07:36 INFO  WaitHelper:95 - Wait for an element visibility with default timeout
2019-02-05 21:07:38 INFO  WaitHelper:42 - Waiting for 1 seconds
2019-02-05 21:07:41 INFO  WaitHelper:95 - Wait for an element visibility with default timeout
2019-02-05 21:07:43 INFO  WaitHelper:42 - Waiting for 1 seconds
2019-02-05 21:07:46 INFO  WaitHelper:95 - Wait for an element visibility with default timeout
2019-02-05 21:07:48 INFO  WaitHelper:42 - Waiting for 1 seconds
2019-02-05 21:07:51 INFO  WaitHelper:95 - Wait for an element visibility with default timeout
2019-02-05 21:07:53 INFO  WaitHelper:42 - Waiting for 1 seconds
2019-02-05 21:07:57 INFO  WaitHelper:95 - Wait for an element visibility with default timeout
2019-02-05 21:07:58 INFO  WaitHelper:42 - Waiting for 1 seconds
2019-02-05 21:08:02 INFO  WaitHelper:95 - Wait for an element visibility with default timeout
2019-02-05 21:08:04 INFO  WaitHelper:42 - Waiting for 1 seconds
2019-02-05 21:08:07 INFO  WaitHelper:95 - Wait for an element visibility with default timeout
2019-02-05 21:08:09 INFO  WaitHelper:42 - Waiting for 1 seconds
2019-02-05 21:08:13 INFO  WaitHelper:95 - Wait for an element visibility with default timeout
2019-02-05 21:08:15 INFO  WaitHelper:42 - Waiting for 1 seconds
2019-02-05 21:08:19 INFO  WaitHelper:95 - Wait for an element visibility with default timeout
2019-02-05 21:08:20 INFO  WaitHelper:42 - Waiting for 1 seconds
2019-02-05 21:08:23 INFO  WaitHelper:95 - Wait for an element visibility with default timeout
2019-02-05 21:08:25 INFO  WaitHelper:42 - Waiting for 1 seconds
2019-02-05 21:08:29 INFO  WaitHelper:95 - Wait for an element visibility with default timeout
2019-02-05 21:08:31 INFO  WaitHelper:42 - Waiting for 1 seconds
2019-02-05 21:08:34 INFO  WaitHelper:95 - Wait for an element visibility with default timeout
2019-02-05 21:08:36 INFO  WaitHelper:42 - Waiting for 1 seconds
2019-02-05 21:08:40 INFO  WaitHelper:95 - Wait for an element visibility with default timeout
2019-02-05 21:08:41 INFO  WaitHelper:42 - Waiting for 1 seconds
2019-02-05 21:08:45 INFO  WaitHelper:95 - Wait for an element visibility with default timeout
2019-02-05 21:08:47 INFO  WaitHelper:42 - Waiting for 1 seconds
2019-02-05 21:08:50 INFO  WaitHelper:95 - Wait for an element visibility with default timeout
2019-02-05 21:08:52 INFO  WaitHelper:42 - Waiting for 1 seconds
2019-02-05 21:08:55 INFO  WaitHelper:95 - Wait for an element visibility with default timeout
2019-02-05 21:08:56 INFO  WaitHelper:42 - Waiting for 1 seconds
2019-02-05 21:09:00 INFO  WaitHelper:95 - Wait for an element visibility with default timeout
2019-02-05 21:09:02 INFO  WaitHelper:42 - Waiting for 1 seconds
2019-02-05 21:09:05 INFO  WaitHelper:95 - Wait for an element visibility with default timeout
2019-02-05 21:09:07 INFO  WaitHelper:42 - Waiting for 1 seconds
2019-02-05 21:09:11 INFO  WaitHelper:95 - Wait for an element visibility with default timeout
2019-02-05 21:09:12 INFO  WaitHelper:42 - Waiting for 1 seconds
2019-02-05 21:09:16 INFO  WaitHelper:95 - Wait for an element visibility with default timeout
2019-02-05 21:09:18 INFO  WaitHelper:42 - Waiting for 1 seconds
2019-02-05 21:09:22 INFO  WaitHelper:95 - Wait for an element visibility with default timeout
2019-02-05 21:09:23 INFO  WaitHelper:42 - Waiting for 1 seconds
2019-02-05 21:09:26 INFO  WaitHelper:95 - Wait for an element visibility with default timeout
2019-02-05 21:09:28 INFO  WaitHelper:42 - Waiting for 1 seconds
2019-02-05 21:09:32 INFO  WaitHelper:95 - Wait for an element visibility with default timeout
2019-02-05 21:09:33 INFO  WaitHelper:42 - Waiting for 1 seconds
2019-02-05 21:09:37 INFO  WaitHelper:95 - Wait for an element visibility with default timeout
2019-02-05 21:09:39 INFO  WaitHelper:42 - Waiting for 1 seconds
2019-02-05 21:09:42 INFO  WaitHelper:95 - Wait for an element visibility with default timeout
2019-02-05 21:09:44 INFO  WaitHelper:42 - Waiting for 1 seconds
2019-02-05 21:09:48 INFO  WaitHelper:95 - Wait for an element visibility with default timeout
2019-02-05 21:09:49 INFO  WaitHelper:42 - Waiting for 1 seconds
2019-02-05 21:09:53 INFO  WaitHelper:95 - Wait for an element visibility with default timeout
2019-02-05 21:09:55 INFO  WaitHelper:42 - Waiting for 1 seconds
2019-02-05 21:09:59 INFO  WaitHelper:95 - Wait for an element visibility with default timeout
2019-02-05 21:10:00 INFO  WaitHelper:42 - Waiting for 1 seconds
2019-02-05 21:10:04 INFO  WaitHelper:95 - Wait for an element visibility with default timeout
2019-02-05 21:10:06 INFO  WaitHelper:42 - Waiting for 1 seconds
2019-02-05 21:10:09 INFO  WaitHelper:95 - Wait for an element visibility with default timeout
2019-02-05 21:10:11 INFO  WaitHelper:42 - Waiting for 1 seconds
2019-02-05 21:10:15 INFO  WaitHelper:95 - Wait for an element visibility with default timeout
2019-02-05 21:10:16 INFO  WaitHelper:42 - Waiting for 1 seconds
2019-02-05 21:10:20 INFO  WaitHelper:95 - Wait for an element visibility with default timeout
2019-02-05 21:10:22 INFO  WaitHelper:42 - Waiting for 1 seconds
2019-02-05 21:10:25 INFO  WaitHelper:95 - Wait for an element visibility with default timeout
2019-02-05 21:10:27 INFO  WaitHelper:42 - Waiting for 1 seconds
2019-02-05 21:10:31 INFO  WaitHelper:95 - Wait for an element visibility with default timeout
2019-02-05 21:10:32 INFO  WaitHelper:42 - Waiting for 1 seconds
2019-02-05 21:10:36 INFO  WaitHelper:95 - Wait for an element visibility with default timeout
2019-02-05 21:10:38 INFO  WaitHelper:42 - Waiting for 1 seconds
2019-02-05 21:10:42 INFO  WaitHelper:95 - Wait for an element visibility with default timeout
2019-02-05 21:10:43 INFO  WaitHelper:42 - Waiting for 1 seconds
2019-02-05 21:10:47 INFO  WaitHelper:95 - Wait for an element visibility with default timeout
2019-02-05 21:10:49 INFO  WaitHelper:42 - Waiting for 1 seconds
2019-02-05 21:10:52 INFO  WaitHelper:95 - Wait for an element visibility with default timeout
2019-02-05 21:10:54 INFO  WaitHelper:42 - Waiting for 1 seconds
2019-02-05 21:10:58 INFO  WaitHelper:95 - Wait for an element visibility with default timeout
2019-02-05 21:10:59 INFO  WaitHelper:42 - Waiting for 1 seconds
2019-02-05 21:11:03 INFO  WaitHelper:95 - Wait for an element visibility with default timeout
2019-02-05 21:11:05 INFO  WaitHelper:42 - Waiting for 1 seconds
2019-02-05 21:11:09 INFO  WaitHelper:95 - Wait for an element visibility with default timeout
2019-02-05 21:11:10 INFO  WaitHelper:42 - Waiting for 1 seconds
2019-02-05 21:11:14 INFO  WaitHelper:95 - Wait for an element visibility with default timeout
2019-02-05 21:11:15 INFO  WaitHelper:42 - Waiting for 1 seconds
2019-02-05 21:11:19 INFO  WaitHelper:95 - Wait for an element visibility with default timeout
2019-02-05 21:11:20 INFO  WaitHelper:42 - Waiting for 1 seconds
2019-02-05 21:11:24 INFO  WaitHelper:95 - Wait for an element visibility with default timeout
2019-02-05 21:11:26 INFO  WaitHelper:42 - Waiting for 1 seconds
2019-02-05 21:11:29 INFO  WaitHelper:95 - Wait for an element visibility with default timeout
2019-02-05 21:11:31 INFO  WaitHelper:42 - Waiting for 1 seconds
2019-02-05 21:11:35 INFO  WaitHelper:95 - Wait for an element visibility with default timeout
2019-02-05 21:11:36 INFO  WaitHelper:42 - Waiting for 1 seconds
2019-02-05 21:11:40 INFO  WaitHelper:95 - Wait for an element visibility with default timeout
2019-02-05 21:11:42 INFO  WaitHelper:42 - Waiting for 1 seconds
2019-02-05 21:11:45 INFO  ExceptionTestExample:51 - Running teardown before each test method
2019-02-05 21:11:45 INFO  ExceptionTestExample:36 - Running teardown after class test methods run finished
